{"meta": {"format": 3, "version": "7.12.0", "timestamp": "2025-11-25T13:01:15.702682", "branch_coverage": false, "show_contexts": false}, "files": {"backend/modules/trade_desk/matching/__init__.py": {"executed_lines": [1, 12, 13, 14, 16], "summary": {"covered_lines": 4, "num_statements": 4, "percent_covered": 100.0, "percent_covered_display": "100", "missing_lines": 0, "excluded_lines": 0, "percent_statements_covered": 100.0, "percent_statements_covered_display": "100"}, "missing_lines": [], "excluded_lines": [], "functions": {"": {"executed_lines": [1, 12, 13, 14, 16], "summary": {"covered_lines": 4, "num_statements": 4, "percent_covered": 100.0, "percent_covered_display": "100", "missing_lines": 0, "excluded_lines": 0, "percent_statements_covered": 100.0, "percent_statements_covered_display": "100"}, "missing_lines": [], "excluded_lines": []}}, "classes": {"": {"executed_lines": [1, 12, 13, 14, 16], "summary": {"covered_lines": 4, "num_statements": 4, "percent_covered": 100.0, "percent_covered_display": "100", "missing_lines": 0, "excluded_lines": 0, "percent_statements_covered": 100.0, "percent_statements_covered_display": "100"}, "missing_lines": [], "excluded_lines": []}}}, "backend/modules/trade_desk/matching/events.py": {"executed_lines": [], "summary": {"covered_lines": 0, "num_statements": 85, "percent_covered": 0.0, "percent_covered_display": "0", "missing_lines": 85, "excluded_lines": 0, "percent_statements_covered": 0.0, "percent_statements_covered_display": "0"}, "missing_lines": [12, 13, 14, 15, 18, 19, 26, 27, 28, 31, 32, 33, 34, 35, 38, 39, 40, 41, 44, 45, 46, 47, 50, 51, 54, 55, 56, 59, 60, 62, 63, 64, 66, 68, 97, 98, 105, 106, 107, 110, 111, 112, 113, 114, 117, 118, 119, 122, 123, 124, 126, 127, 128, 129, 130, 131, 132, 133, 134, 136, 138, 156, 157, 164, 165, 166, 169, 170, 171, 172, 173, 176, 177, 178, 181, 184, 185, 186, 188, 189, 190, 191, 192, 194, 196], "excluded_lines": [], "functions": {"MatchFoundEvent.__post_init__": {"executed_lines": [], "summary": {"covered_lines": 0, "num_statements": 2, "percent_covered": 0.0, "percent_covered_display": "0", "missing_lines": 2, "excluded_lines": 0, "percent_statements_covered": 0.0, "percent_statements_covered_display": "0"}, "missing_lines": [63, 64], "excluded_lines": []}, "MatchFoundEvent.to_dict": {"executed_lines": [], "summary": {"covered_lines": 0, "num_statements": 1, "percent_covered": 0.0, "percent_covered_display": "0", "missing_lines": 1, "excluded_lines": 0, "percent_statements_covered": 0.0, "percent_statements_covered_display": "0"}, "missing_lines": [68], "excluded_lines": []}, "MatchRejectedEvent.__post_init__": {"executed_lines": [], "summary": {"covered_lines": 0, "num_statements": 8, "percent_covered": 0.0, "percent_covered_display": "0", "missing_lines": 8, "excluded_lines": 0, "percent_statements_covered": 0.0, "percent_statements_covered_display": "0"}, "missing_lines": [127, 128, 129, 130, 131, 132, 133, 134], "excluded_lines": []}, "MatchRejectedEvent.to_dict": {"executed_lines": [], "summary": {"covered_lines": 0, "num_statements": 1, "percent_covered": 0.0, "percent_covered_display": "0", "missing_lines": 1, "excluded_lines": 0, "percent_statements_covered": 0.0, "percent_statements_covered_display": "0"}, "missing_lines": [138], "excluded_lines": []}, "MatchAllocatedEvent.__post_init__": {"executed_lines": [], "summary": {"covered_lines": 0, "num_statements": 4, "percent_covered": 0.0, "percent_covered_display": "0", "missing_lines": 4, "excluded_lines": 0, "percent_statements_covered": 0.0, "percent_statements_covered_display": "0"}, "missing_lines": [189, 190, 191, 192], "excluded_lines": []}, "MatchAllocatedEvent.to_dict": {"executed_lines": [], "summary": {"covered_lines": 0, "num_statements": 1, "percent_covered": 0.0, "percent_covered_display": "0", "missing_lines": 1, "excluded_lines": 0, "percent_statements_covered": 0.0, "percent_statements_covered_display": "0"}, "missing_lines": [196], "excluded_lines": []}, "": {"executed_lines": [], "summary": {"covered_lines": 0, "num_statements": 68, "percent_covered": 0.0, "percent_covered_display": "0", "missing_lines": 68, "excluded_lines": 0, "percent_statements_covered": 0.0, "percent_statements_covered_display": "0"}, "missing_lines": [12, 13, 14, 15, 18, 19, 26, 27, 28, 31, 32, 33, 34, 35, 38, 39, 40, 41, 44, 45, 46, 47, 50, 51, 54, 55, 56, 59, 60, 62, 66, 97, 98, 105, 106, 107, 110, 111, 112, 113, 114, 117, 118, 119, 122, 123, 124, 126, 136, 156, 157, 164, 165, 166, 169, 170, 171, 172, 173, 176, 177, 178, 181, 184, 185, 186, 188, 194], "excluded_lines": []}}, "classes": {"MatchFoundEvent": {"executed_lines": [], "summary": {"covered_lines": 0, "num_statements": 3, "percent_covered": 0.0, "percent_covered_display": "0", "missing_lines": 3, "excluded_lines": 0, "percent_statements_covered": 0.0, "percent_statements_covered_display": "0"}, "missing_lines": [63, 64, 68], "excluded_lines": []}, "MatchRejectedEvent": {"executed_lines": [], "summary": {"covered_lines": 0, "num_statements": 9, "percent_covered": 0.0, "percent_covered_display": "0", "missing_lines": 9, "excluded_lines": 0, "percent_statements_covered": 0.0, "percent_statements_covered_display": "0"}, "missing_lines": [127, 128, 129, 130, 131, 132, 133, 134, 138], "excluded_lines": []}, "MatchAllocatedEvent": {"executed_lines": [], "summary": {"covered_lines": 0, "num_statements": 5, "percent_covered": 0.0, "percent_covered_display": "0", "missing_lines": 5, "excluded_lines": 0, "percent_statements_covered": 0.0, "percent_statements_covered_display": "0"}, "missing_lines": [189, 190, 191, 192, 196], "excluded_lines": []}, "": {"executed_lines": [], "summary": {"covered_lines": 0, "num_statements": 68, "percent_covered": 0.0, "percent_covered_display": "0", "missing_lines": 68, "excluded_lines": 0, "percent_statements_covered": 0.0, "percent_statements_covered_display": "0"}, "missing_lines": [12, 13, 14, 15, 18, 19, 26, 27, 28, 31, 32, 33, 34, 35, 38, 39, 40, 41, 44, 45, 46, 47, 50, 51, 54, 55, 56, 59, 60, 62, 66, 97, 98, 105, 106, 107, 110, 111, 112, 113, 114, 117, 118, 119, 122, 123, 124, 126, 136, 156, 157, 164, 165, 166, 169, 170, 171, 172, 173, 176, 177, 178, 181, 184, 185, 186, 188, 194], "excluded_lines": []}}}, "backend/modules/trade_desk/matching/matching_engine.py": {"executed_lines": [1, 13, 14, 15, 16, 17, 18, 19, 21, 22, 23, 25, 26, 27, 28, 29, 30, 31, 32, 34, 37, 38, 39, 44, 45, 46, 47, 48, 49, 52, 53, 56, 57, 60, 61, 62, 65, 66, 68, 70, 83, 84, 96, 104, 105, 106, 107, 108, 109, 110, 116, 139, 145, 146, 149, 150, 151, 154, 157, 171, 309, 415, 429, 431, 457, 546], "summary": {"covered_lines": 63, "num_statements": 184, "percent_covered": 34.23913043478261, "percent_covered_display": "34", "missing_lines": 121, "excluded_lines": 0, "percent_statements_covered": 34.23913043478261, "percent_statements_covered_display": "34"}, "missing_lines": [141, 142, 160, 163, 165, 200, 205, 206, 209, 210, 211, 213, 217, 218, 219, 220, 221, 222, 223, 224, 225, 227, 228, 229, 232, 239, 241, 242, 244, 246, 247, 248, 251, 252, 253, 254, 257, 258, 265, 266, 267, 270, 271, 272, 275, 292, 293, 295, 296, 297, 300, 302, 305, 307, 322, 327, 328, 331, 332, 333, 335, 339, 346, 348, 349, 351, 353, 354, 357, 358, 359, 362, 363, 369, 370, 373, 374, 377, 394, 395, 397, 398, 399, 402, 404, 407, 409, 444, 445, 451, 483, 485, 486, 487, 489, 494, 495, 497, 498, 501, 503, 505, 506, 508, 509, 511, 512, 515, 517, 518, 520, 522, 527, 534, 535, 536, 537, 538, 540, 564, 565], "excluded_lines": [], "functions": {"MatchResult.to_dict": {"executed_lines": [70], "summary": {"covered_lines": 1, "num_statements": 1, "percent_covered": 100.0, "percent_covered_display": "100", "missing_lines": 0, "excluded_lines": 0, "percent_statements_covered": 100.0, "percent_statements_covered_display": "100"}, "missing_lines": [], "excluded_lines": []}, "MatchingEngine.__init__": {"executed_lines": [104, 105, 106, 107, 108, 109, 110], "summary": {"covered_lines": 7, "num_statements": 7, "percent_covered": 100.0, "percent_covered_display": "100", "missing_lines": 0, "excluded_lines": 0, "percent_statements_covered": 100.0, "percent_statements_covered_display": "100"}, "missing_lines": [], "excluded_lines": []}, "MatchingEngine._location_matches": {"executed_lines": [139, 145, 146, 149, 150, 151, 154, 157], "summary": {"covered_lines": 8, "num_statements": 13, "percent_covered": 61.53846153846154, "percent_covered_display": "62", "missing_lines": 5, "excluded_lines": 0, "percent_statements_covered": 61.53846153846154, "percent_statements_covered_display": "62"}, "missing_lines": [141, 142, 160, 163, 165], "excluded_lines": []}, "MatchingEngine.find_matches_for_requirement": {"executed_lines": [], "summary": {"covered_lines": 0, "num_statements": 49, "percent_covered": 0.0, "percent_covered_display": "0", "missing_lines": 49, "excluded_lines": 0, "percent_statements_covered": 0.0, "percent_statements_covered_display": "0"}, "missing_lines": [200, 205, 206, 209, 210, 211, 213, 217, 218, 219, 220, 221, 222, 223, 224, 225, 227, 228, 229, 232, 239, 241, 242, 244, 246, 247, 248, 251, 252, 253, 254, 257, 258, 265, 266, 267, 270, 271, 272, 275, 292, 293, 295, 296, 297, 300, 302, 305, 307], "excluded_lines": []}, "MatchingEngine.find_matches_for_availability": {"executed_lines": [], "summary": {"covered_lines": 0, "num_statements": 33, "percent_covered": 0.0, "percent_covered_display": "0", "missing_lines": 33, "excluded_lines": 0, "percent_statements_covered": 0.0, "percent_statements_covered_display": "0"}, "missing_lines": [322, 327, 328, 331, 332, 333, 335, 339, 346, 348, 349, 351, 353, 354, 357, 358, 359, 362, 363, 369, 370, 373, 374, 377, 394, 395, 397, 398, 399, 402, 404, 407, 409], "excluded_lines": []}, "MatchingEngine._generate_duplicate_key": {"executed_lines": [429], "summary": {"covered_lines": 1, "num_statements": 1, "percent_covered": 100.0, "percent_covered_display": "100", "missing_lines": 0, "excluded_lines": 0, "percent_statements_covered": 100.0, "percent_statements_covered_display": "100"}, "missing_lines": [], "excluded_lines": []}, "MatchingEngine._is_duplicate": {"executed_lines": [], "summary": {"covered_lines": 0, "num_statements": 3, "percent_covered": 0.0, "percent_covered_display": "0", "missing_lines": 3, "excluded_lines": 0, "percent_statements_covered": 0.0, "percent_statements_covered_display": "0"}, "missing_lines": [444, 445, 451], "excluded_lines": []}, "MatchingEngine.allocate_quantity_atomic": {"executed_lines": [], "summary": {"covered_lines": 0, "num_statements": 29, "percent_covered": 0.0, "percent_covered_display": "0", "missing_lines": 29, "excluded_lines": 0, "percent_statements_covered": 0.0, "percent_statements_covered_display": "0"}, "missing_lines": [483, 485, 486, 487, 489, 494, 495, 497, 498, 501, 503, 505, 506, 508, 509, 511, 512, 515, 517, 518, 520, 522, 527, 534, 535, 536, 537, 538, 540], "excluded_lines": []}, "MatchingEngine._save_match_audit_trail": {"executed_lines": [], "summary": {"covered_lines": 0, "num_statements": 2, "percent_covered": 0.0, "percent_covered_display": "0", "missing_lines": 2, "excluded_lines": 0, "percent_statements_covered": 0.0, "percent_statements_covered_display": "0"}, "missing_lines": [564, 565], "excluded_lines": []}, "": {"executed_lines": [1, 13, 14, 15, 16, 17, 18, 19, 21, 22, 23, 25, 26, 27, 28, 29, 30, 31, 32, 34, 37, 38, 39, 44, 45, 46, 47, 48, 49, 52, 53, 56, 57, 60, 61, 62, 65, 66, 68, 83, 84, 96, 116, 171, 309, 415, 431, 457, 546], "summary": {"covered_lines": 46, "num_statements": 46, "percent_covered": 100.0, "percent_covered_display": "100", "missing_lines": 0, "excluded_lines": 0, "percent_statements_covered": 100.0, "percent_statements_covered_display": "100"}, "missing_lines": [], "excluded_lines": []}}, "classes": {"MatchResult": {"executed_lines": [70], "summary": {"covered_lines": 1, "num_statements": 1, "percent_covered": 100.0, "percent_covered_display": "100", "missing_lines": 0, "excluded_lines": 0, "percent_statements_covered": 100.0, "percent_statements_covered_display": "100"}, "missing_lines": [], "excluded_lines": []}, "MatchingEngine": {"executed_lines": [104, 105, 106, 107, 108, 109, 110, 139, 145, 146, 149, 150, 151, 154, 157, 429], "summary": {"covered_lines": 16, "num_statements": 137, "percent_covered": 11.678832116788321, "percent_covered_display": "12", "missing_lines": 121, "excluded_lines": 0, "percent_statements_covered": 11.678832116788321, "percent_statements_covered_display": "12"}, "missing_lines": [141, 142, 160, 163, 165, 200, 205, 206, 209, 210, 211, 213, 217, 218, 219, 220, 221, 222, 223, 224, 225, 227, 228, 229, 232, 239, 241, 242, 244, 246, 247, 248, 251, 252, 253, 254, 257, 258, 265, 266, 267, 270, 271, 272, 275, 292, 293, 295, 296, 297, 300, 302, 305, 307, 322, 327, 328, 331, 332, 333, 335, 339, 346, 348, 349, 351, 353, 354, 357, 358, 359, 362, 363, 369, 370, 373, 374, 377, 394, 395, 397, 398, 399, 402, 404, 407, 409, 444, 445, 451, 483, 485, 486, 487, 489, 494, 495, 497, 498, 501, 503, 505, 506, 508, 509, 511, 512, 515, 517, 518, 520, 522, 527, 534, 535, 536, 537, 538, 540, 564, 565], "excluded_lines": []}, "": {"executed_lines": [1, 13, 14, 15, 16, 17, 18, 19, 21, 22, 23, 25, 26, 27, 28, 29, 30, 31, 32, 34, 37, 38, 39, 44, 45, 46, 47, 48, 49, 52, 53, 56, 57, 60, 61, 62, 65, 66, 68, 83, 84, 96, 116, 171, 309, 415, 431, 457, 546], "summary": {"covered_lines": 46, "num_statements": 46, "percent_covered": 100.0, "percent_covered_display": "100", "missing_lines": 0, "excluded_lines": 0, "percent_statements_covered": 100.0, "percent_statements_covered_display": "100"}, "missing_lines": [], "excluded_lines": []}}}, "backend/modules/trade_desk/matching/scoring.py": {"executed_lines": [1, 13, 14, 15, 16, 18, 19, 20, 21, 23, 26, 27, 33, 34, 40, 189, 311, 390, 436, 503, 569, 597, 634], "summary": {"covered_lines": 21, "num_statements": 185, "percent_covered": 11.35135135135135, "percent_covered_display": "11", "missing_lines": 164, "excluded_lines": 0, "percent_statements_covered": 11.35135135135135, "percent_statements_covered_display": "11"}, "missing_lines": [69, 70, 71, 74, 75, 80, 81, 82, 83, 84, 85, 86, 88, 89, 91, 102, 103, 104, 107, 108, 111, 119, 124, 125, 127, 132, 133, 139, 140, 141, 142, 145, 146, 147, 148, 149, 150, 152, 154, 155, 157, 158, 160, 216, 217, 219, 221, 227, 228, 229, 231, 232, 233, 235, 237, 239, 243, 244, 247, 248, 249, 252, 254, 256, 259, 260, 261, 262, 264, 266, 274, 280, 283, 284, 289, 290, 293, 296, 298, 332, 333, 334, 336, 338, 345, 346, 348, 349, 351, 354, 356, 357, 358, 360, 361, 364, 365, 366, 368, 369, 371, 372, 374, 411, 414, 417, 420, 422, 457, 458, 459, 460, 462, 464, 465, 466, 468, 469, 470, 472, 473, 476, 477, 479, 480, 483, 484, 486, 528, 530, 543, 544, 546, 554, 555, 557, 584, 586, 587, 588, 589, 591, 612, 613, 615, 616, 617, 620, 623, 624, 625, 626, 628, 647, 649, 650, 651, 652, 654, 655, 657, 658, 660, 661], "excluded_lines": [], "functions": {"MatchScorer.__init__": {"executed_lines": [34], "summary": {"covered_lines": 1, "num_statements": 1, "percent_covered": 100.0, "percent_covered_display": "100", "missing_lines": 0, "excluded_lines": 0, "percent_statements_covered": 100.0, "percent_statements_covered_display": "100"}, "missing_lines": [], "excluded_lines": []}, "MatchScorer.calculate_match_score": {"executed_lines": [], "summary": {"covered_lines": 0, "num_statements": 43, "percent_covered": 0.0, "percent_covered_display": "0", "missing_lines": 43, "excluded_lines": 0, "percent_statements_covered": 0.0, "percent_statements_covered_display": "0"}, "missing_lines": [69, 70, 71, 74, 75, 80, 81, 82, 83, 84, 85, 86, 88, 89, 91, 102, 103, 104, 107, 108, 111, 119, 124, 125, 127, 132, 133, 139, 140, 141, 142, 145, 146, 147, 148, 149, 150, 152, 154, 155, 157, 158, 160], "excluded_lines": []}, "MatchScorer.calculate_quality_score": {"executed_lines": [], "summary": {"covered_lines": 0, "num_statements": 36, "percent_covered": 0.0, "percent_covered_display": "0", "missing_lines": 36, "excluded_lines": 0, "percent_statements_covered": 0.0, "percent_statements_covered_display": "0"}, "missing_lines": [216, 217, 219, 221, 227, 228, 229, 231, 232, 233, 235, 237, 239, 243, 244, 247, 248, 249, 252, 254, 256, 259, 260, 261, 262, 264, 266, 274, 280, 283, 284, 289, 290, 293, 296, 298], "excluded_lines": []}, "MatchScorer.calculate_price_score": {"executed_lines": [], "summary": {"covered_lines": 0, "num_statements": 24, "percent_covered": 0.0, "percent_covered_display": "0", "missing_lines": 24, "excluded_lines": 0, "percent_statements_covered": 0.0, "percent_statements_covered_display": "0"}, "missing_lines": [332, 333, 334, 336, 338, 345, 346, 348, 349, 351, 354, 356, 357, 358, 360, 361, 364, 365, 366, 368, 369, 371, 372, 374], "excluded_lines": []}, "MatchScorer.calculate_delivery_score": {"executed_lines": [], "summary": {"covered_lines": 0, "num_statements": 5, "percent_covered": 0.0, "percent_covered_display": "0", "missing_lines": 5, "excluded_lines": 0, "percent_statements_covered": 0.0, "percent_statements_covered_display": "0"}, "missing_lines": [411, 414, 417, 420, 422], "excluded_lines": []}, "MatchScorer.calculate_quantity_score": {"executed_lines": [], "summary": {"covered_lines": 0, "num_statements": 20, "percent_covered": 0.0, "percent_covered_display": "0", "missing_lines": 20, "excluded_lines": 0, "percent_statements_covered": 0.0, "percent_statements_covered_display": "0"}, "missing_lines": [457, 458, 459, 460, 462, 464, 465, 466, 468, 469, 470, 472, 473, 476, 477, 479, 480, 483, 484, 486], "excluded_lines": []}, "MatchScorer.calculate_risk_score": {"executed_lines": [], "summary": {"covered_lines": 0, "num_statements": 8, "percent_covered": 0.0, "percent_covered_display": "0", "missing_lines": 8, "excluded_lines": 0, "percent_statements_covered": 0.0, "percent_statements_covered_display": "0"}, "missing_lines": [528, 530, 543, 544, 546, 554, 555, 557], "excluded_lines": []}, "MatchScorer._apply_warn_penalty": {"executed_lines": [], "summary": {"covered_lines": 0, "num_statements": 6, "percent_covered": 0.0, "percent_covered_display": "0", "missing_lines": 6, "excluded_lines": 0, "percent_statements_covered": 0.0, "percent_statements_covered_display": "0"}, "missing_lines": [584, 586, 587, 588, 589, 591], "excluded_lines": []}, "MatchScorer._apply_ai_boost": {"executed_lines": [], "summary": {"covered_lines": 0, "num_statements": 11, "percent_covered": 0.0, "percent_covered_display": "0", "missing_lines": 11, "excluded_lines": 0, "percent_statements_covered": 0.0, "percent_statements_covered_display": "0"}, "missing_lines": [612, 613, 615, 616, 617, 620, 623, 624, 625, 626, 628], "excluded_lines": []}, "MatchScorer.calculate_distance_km": {"executed_lines": [], "summary": {"covered_lines": 0, "num_statements": 11, "percent_covered": 0.0, "percent_covered_display": "0", "missing_lines": 11, "excluded_lines": 0, "percent_statements_covered": 0.0, "percent_statements_covered_display": "0"}, "missing_lines": [647, 649, 650, 651, 652, 654, 655, 657, 658, 660, 661], "excluded_lines": []}, "": {"executed_lines": [1, 13, 14, 15, 16, 18, 19, 20, 21, 23, 26, 27, 33, 40, 189, 311, 390, 436, 503, 569, 597, 634], "summary": {"covered_lines": 20, "num_statements": 20, "percent_covered": 100.0, "percent_covered_display": "100", "missing_lines": 0, "excluded_lines": 0, "percent_statements_covered": 100.0, "percent_statements_covered_display": "100"}, "missing_lines": [], "excluded_lines": []}}, "classes": {"MatchScorer": {"executed_lines": [34], "summary": {"covered_lines": 1, "num_statements": 165, "percent_covered": 0.6060606060606061, "percent_covered_display": "1", "missing_lines": 164, "excluded_lines": 0, "percent_statements_covered": 0.6060606060606061, "percent_statements_covered_display": "1"}, "missing_lines": [69, 70, 71, 74, 75, 80, 81, 82, 83, 84, 85, 86, 88, 89, 91, 102, 103, 104, 107, 108, 111, 119, 124, 125, 127, 132, 133, 139, 140, 141, 142, 145, 146, 147, 148, 149, 150, 152, 154, 155, 157, 158, 160, 216, 217, 219, 221, 227, 228, 229, 231, 232, 233, 235, 237, 239, 243, 244, 247, 248, 249, 252, 254, 256, 259, 260, 261, 262, 264, 266, 274, 280, 283, 284, 289, 290, 293, 296, 298, 332, 333, 334, 336, 338, 345, 346, 348, 349, 351, 354, 356, 357, 358, 360, 361, 364, 365, 366, 368, 369, 371, 372, 374, 411, 414, 417, 420, 422, 457, 458, 459, 460, 462, 464, 465, 466, 468, 469, 470, 472, 473, 476, 477, 479, 480, 483, 484, 486, 528, 530, 543, 544, 546, 554, 555, 557, 584, 586, 587, 588, 589, 591, 612, 613, 615, 616, 617, 620, 623, 624, 625, 626, 628, 647, 649, 650, 651, 652, 654, 655, 657, 658, 660, 661], "excluded_lines": []}, "": {"executed_lines": [1, 13, 14, 15, 16, 18, 19, 20, 21, 23, 26, 27, 33, 40, 189, 311, 390, 436, 503, 569, 597, 634], "summary": {"covered_lines": 20, "num_statements": 20, "percent_covered": 100.0, "percent_covered_display": "100", "missing_lines": 0, "excluded_lines": 0, "percent_statements_covered": 100.0, "percent_statements_covered_display": "100"}, "missing_lines": [], "excluded_lines": []}}}, "backend/modules/trade_desk/matching/validators.py": {"executed_lines": [1, 20, 21, 22, 23, 24, 26, 28, 29, 30, 31, 34, 35, 36, 37, 38, 39, 40, 41, 42, 44, 45, 49, 50, 55, 56, 70, 76, 77, 78, 80, 313, 401, 414, 446, 477, 523, 558, 599], "summary": {"covered_lines": 36, "num_statements": 151, "percent_covered": 23.841059602649008, "percent_covered_display": "24", "missing_lines": 115, "excluded_lines": 0, "percent_statements_covered": 23.841059602649008, "percent_statements_covered_display": "24"}, "missing_lines": [47, 52, 98, 99, 100, 107, 108, 112, 120, 123, 124, 128, 136, 137, 141, 149, 150, 151, 158, 159, 160, 168, 169, 170, 171, 178, 179, 180, 191, 192, 195, 203, 204, 209, 210, 214, 222, 223, 224, 228, 232, 240, 242, 248, 249, 253, 261, 266, 268, 269, 279, 280, 286, 287, 288, 291, 304, 333, 334, 337, 350, 351, 354, 355, 359, 360, 361, 363, 373, 374, 378, 379, 380, 382, 392, 408, 434, 436, 438, 439, 441, 442, 444, 457, 458, 459, 462, 463, 465, 466, 468, 489, 490, 497, 498, 500, 502, 508, 510, 511, 517, 533, 535, 536, 543, 546, 547, 550, 552, 579, 581, 582, 588, 589, 591], "excluded_lines": [], "functions": {"ValidationResult.has_warnings": {"executed_lines": [], "summary": {"covered_lines": 0, "num_statements": 1, "percent_covered": 0.0, "percent_covered_display": "0", "missing_lines": 1, "excluded_lines": 0, "percent_statements_covered": 0.0, "percent_statements_covered_display": "0"}, "missing_lines": [47], "excluded_lines": []}, "ValidationResult.has_ai_alerts": {"executed_lines": [], "summary": {"covered_lines": 0, "num_statements": 1, "percent_covered": 0.0, "percent_covered_display": "0", "missing_lines": 1, "excluded_lines": 0, "percent_statements_covered": 0.0, "percent_statements_covered_display": "0"}, "missing_lines": [52], "excluded_lines": []}, "MatchValidator.__init__": {"executed_lines": [76, 77, 78], "summary": {"covered_lines": 3, "num_statements": 3, "percent_covered": 100.0, "percent_covered_display": "100", "missing_lines": 0, "excluded_lines": 0, "percent_statements_covered": 100.0, "percent_statements_covered_display": "100"}, "missing_lines": [], "excluded_lines": []}, "MatchValidator.validate_match_eligibility": {"executed_lines": [], "summary": {"covered_lines": 0, "num_statements": 55, "percent_covered": 0.0, "percent_covered_display": "0", "missing_lines": 55, "excluded_lines": 0, "percent_statements_covered": 0.0, "percent_statements_covered_display": "0"}, "missing_lines": [98, 99, 100, 107, 108, 112, 120, 123, 124, 128, 136, 137, 141, 149, 150, 151, 158, 159, 160, 168, 169, 170, 171, 178, 179, 180, 191, 192, 195, 203, 204, 209, 210, 214, 222, 223, 224, 228, 232, 240, 242, 248, 249, 253, 261, 266, 268, 269, 279, 280, 286, 287, 288, 291, 304], "excluded_lines": []}, "MatchValidator.validate_risk_compliance": {"executed_lines": [], "summary": {"covered_lines": 0, "num_statements": 18, "percent_covered": 0.0, "percent_covered_display": "0", "missing_lines": 18, "excluded_lines": 0, "percent_statements_covered": 0.0, "percent_statements_covered_display": "0"}, "missing_lines": [333, 334, 337, 350, 351, 354, 355, 359, 360, 361, 363, 373, 374, 378, 379, 380, 382, 392], "excluded_lines": []}, "MatchValidator._is_internal_branch_trading_blocked": {"executed_lines": [], "summary": {"covered_lines": 0, "num_statements": 1, "percent_covered": 0.0, "percent_covered_display": "0", "missing_lines": 1, "excluded_lines": 0, "percent_statements_covered": 0.0, "percent_statements_covered_display": "0"}, "missing_lines": [408], "excluded_lines": []}, "MatchValidator._is_same_organization": {"executed_lines": [], "summary": {"covered_lines": 0, "num_statements": 7, "percent_covered": 0.0, "percent_covered_display": "0", "missing_lines": 7, "excluded_lines": 0, "percent_statements_covered": 0.0, "percent_statements_covered_display": "0"}, "missing_lines": [434, 436, 438, 439, 441, 442, 444], "excluded_lines": []}, "MatchValidator.validate_quantity_availability": {"executed_lines": [], "summary": {"covered_lines": 0, "num_statements": 8, "percent_covered": 0.0, "percent_covered_display": "0", "missing_lines": 8, "excluded_lines": 0, "percent_statements_covered": 0.0, "percent_statements_covered_display": "0"}, "missing_lines": [457, 458, 459, 462, 463, 465, 466, 468], "excluded_lines": []}, "MatchValidator.validate_internal_branch_trading": {"executed_lines": [], "summary": {"covered_lines": 0, "num_statements": 10, "percent_covered": 0.0, "percent_covered_display": "0", "missing_lines": 10, "excluded_lines": 0, "percent_statements_covered": 0.0, "percent_statements_covered_display": "0"}, "missing_lines": [489, 490, 497, 498, 500, 502, 508, 510, 511, 517], "excluded_lines": []}, "MatchValidator.validate_ai_requirements": {"executed_lines": [], "summary": {"covered_lines": 0, "num_statements": 8, "percent_covered": 0.0, "percent_covered_display": "0", "missing_lines": 8, "excluded_lines": 0, "percent_statements_covered": 0.0, "percent_statements_covered_display": "0"}, "missing_lines": [533, 535, 536, 543, 546, 547, 550, 552], "excluded_lines": []}, "MatchValidator.validate_batch_eligibility": {"executed_lines": [], "summary": {"covered_lines": 0, "num_statements": 6, "percent_covered": 0.0, "percent_covered_display": "0", "missing_lines": 6, "excluded_lines": 0, "percent_statements_covered": 0.0, "percent_statements_covered_display": "0"}, "missing_lines": [579, 581, 582, 588, 589, 591], "excluded_lines": []}, "": {"executed_lines": [1, 20, 21, 22, 23, 24, 26, 28, 29, 30, 31, 34, 35, 36, 37, 38, 39, 40, 41, 42, 44, 45, 49, 50, 55, 56, 70, 80, 313, 401, 414, 446, 477, 523, 558, 599], "summary": {"covered_lines": 33, "num_statements": 33, "percent_covered": 100.0, "percent_covered_display": "100", "missing_lines": 0, "excluded_lines": 0, "percent_statements_covered": 100.0, "percent_statements_covered_display": "100"}, "missing_lines": [], "excluded_lines": []}}, "classes": {"ValidationResult": {"executed_lines": [], "summary": {"covered_lines": 0, "num_statements": 2, "percent_covered": 0.0, "percent_covered_display": "0", "missing_lines": 2, "excluded_lines": 0, "percent_statements_covered": 0.0, "percent_statements_covered_display": "0"}, "missing_lines": [47, 52], "excluded_lines": []}, "MatchValidator": {"executed_lines": [76, 77, 78], "summary": {"covered_lines": 3, "num_statements": 116, "percent_covered": 2.586206896551724, "percent_covered_display": "3", "missing_lines": 113, "excluded_lines": 0, "percent_statements_covered": 2.586206896551724, "percent_statements_covered_display": "3"}, "missing_lines": [98, 99, 100, 107, 108, 112, 120, 123, 124, 128, 136, 137, 141, 149, 150, 151, 158, 159, 160, 168, 169, 170, 171, 178, 179, 180, 191, 192, 195, 203, 204, 209, 210, 214, 222, 223, 224, 228, 232, 240, 242, 248, 249, 253, 261, 266, 268, 269, 279, 280, 286, 287, 288, 291, 304, 333, 334, 337, 350, 351, 354, 355, 359, 360, 361, 363, 373, 374, 378, 379, 380, 382, 392, 408, 434, 436, 438, 439, 441, 442, 444, 457, 458, 459, 462, 463, 465, 466, 468, 489, 490, 497, 498, 500, 502, 508, 510, 511, 517, 533, 535, 536, 543, 546, 547, 550, 552, 579, 581, 582, 588, 589, 591], "excluded_lines": []}, "": {"executed_lines": [1, 20, 21, 22, 23, 24, 26, 28, 29, 30, 31, 34, 35, 36, 37, 38, 39, 40, 41, 42, 44, 45, 49, 50, 55, 56, 70, 80, 313, 401, 414, 446, 477, 523, 558, 599], "summary": {"covered_lines": 33, "num_statements": 33, "percent_covered": 100.0, "percent_covered_display": "100", "missing_lines": 0, "excluded_lines": 0, "percent_statements_covered": 100.0, "percent_statements_covered_display": "100"}, "missing_lines": [], "excluded_lines": []}}}}, "totals": {"covered_lines": 124, "num_statements": 609, "percent_covered": 20.361247947454842, "percent_covered_display": "20", "missing_lines": 485, "excluded_lines": 0, "percent_statements_covered": 20.361247947454842, "percent_statements_covered_display": "20"}}